<?xml version="1.0" encoding="UTF-8"?>
<testng-results skipped="0" failed="0" ignored="0" total="1" passed="1">
  <reporter-output>
  </reporter-output>
  <suite name="AspireAppAutomationSuite" duration-ms="31778" started-at="2022-01-30T09:11:26 PST" finished-at="2022-01-30T09:11:58 PST">
    <groups>
    </groups>
    <test name="AspireAppSuccessfulOrder" duration-ms="31778" started-at="2022-01-30T09:11:26 PST" finished-at="2022-01-30T09:11:58 PST">
      <class name="test.CreateOrderTest">
        <test-method status="PASS" signature="startReport()[pri:0, instance:test.CreateOrderTest@6c49835d]" name="startReport" is-config="true" duration-ms="143" started-at="2022-01-30T09:11:26 PST" finished-at="2022-01-30T09:11:26 PST">
          <reporter-output>
          </reporter-output>
        </test-method> <!-- startReport -->
        <test-method status="PASS" signature="navigateToApplication()[pri:0, instance:test.CreateOrderTest@6c49835d]" name="navigateToApplication" is-config="true" duration-ms="9751" started-at="2022-01-30T09:11:26 PST" finished-at="2022-01-30T09:11:36 PST">
          <reporter-output>
          </reporter-output>
        </test-method> <!-- navigateToApplication -->
        <test-method status="PASS" signature="successfulOrder()[pri:1, instance:test.CreateOrderTest@6c49835d]" name="successfulOrder" duration-ms="20857" started-at="2022-01-30T09:11:36 PST" finished-at="2022-01-30T09:11:57 PST">
          <reporter-output>
          </reporter-output>
        </test-method> <!-- successfulOrder -->
        <test-method status="PASS" signature="quitDriver()[pri:0, instance:test.CreateOrderTest@6c49835d]" name="quitDriver" is-config="true" duration-ms="720" started-at="2022-01-30T09:11:57 PST" finished-at="2022-01-30T09:11:58 PST">
          <reporter-output>
          </reporter-output>
        </test-method> <!-- quitDriver -->
        <test-method status="PASS" signature="cleanUp()[pri:0, instance:test.CreateOrderTest@6c49835d]" name="cleanUp" is-config="true" duration-ms="268" started-at="2022-01-30T09:11:58 PST" finished-at="2022-01-30T09:11:58 PST">
          <reporter-output>
          </reporter-output>
        </test-method> <!-- cleanUp -->
      </class> <!-- test.CreateOrderTest -->
    </test> <!-- AspireAppSuccessfulOrder -->
  </suite> <!-- AspireAppAutomationSuite -->
</testng-results>
